I, [2016-06-02T17:22:36.134599 #3508]  INFO -- : Received request DELETE /session
D, [2016-06-02T17:22:36.134889 #3508] DEBUG -- : {
  "path": "/session",
  "query": "",
  "method": "delete",
  "headers": {
    "Content-Type": "application/json",
    "Host": "localhost:1234",
    "Connection": "keep-alive",
    "Origin": "http://localhost:9876",
    "X-Pact-Mock-Service": "true",
    "User-Agent": "Mozilla/5.0 (Macintosh; Intel Mac OS X 10_11_4) AppleWebKit/537.36 (KHTML, like Gecko) Chrome/50.0.2661.102 Safari/537.36",
    "Accept": "*/*",
    "Referer": "http://localhost:9876/context.html",
    "Accept-Encoding": "gzip, deflate, sdch",
    "Accept-Language": "en-US,en;q=0.8",
    "Version": "HTTP/1.1"
  }
}
E, [2016-06-02T17:22:36.134970 #3508] ERROR -- : No matching interaction found for DELETE /session
E, [2016-06-02T17:22:36.135014 #3508] ERROR -- : Interaction diffs for that route:
E, [2016-06-02T17:22:36.135053 #3508] ERROR -- : 
I, [2016-06-02T17:22:36.139746 #3508]  INFO -- : Registered expected interaction GET /api/mapmaker
D, [2016-06-02T17:22:36.140033 #3508] DEBUG -- : {
  "description": "request for an awesome map",
  "provider_state": "casual",
  "request": {
    "method": "get",
    "path": "/api/mapmaker",
    "headers": {
      "features": "30",
      "bugs": "4"
    }
  },
  "response": {
    "status": 200,
    "headers": {
    },
    "body": {
      "posY0": {
        "posX0": {
          "pathRight": {
            "json_class": "Pact::Term",
            "data": {
              "generate": "Working",
              "matcher": {"json_class":"Regexp","o":0,"s":"^(Working|Broken)$"}
            }
          },
          "pathDown": {
            "json_class": "Pact::Term",
            "data": {
              "generate": "Working",
              "matcher": {"json_class":"Regexp","o":0,"s":"^(Working|Broken)$"}
            }
          }
        }
      }
    }
  }
}
